<?xml version="1.0" encoding="UTF-8"?>
<testng-results ignored="0" total="1" passed="1" failed="0" skipped="0">
  <reporter-output>
  </reporter-output>
  <suite started-at="2021-09-08T17:41:39 IST" name="Default suite" finished-at="2021-09-08T17:41:42 IST" duration-ms="3731">
    <groups>
    </groups>
    <test started-at="2021-09-08T17:41:39 IST" name="Default test" finished-at="2021-09-08T17:41:42 IST" duration-ms="3731">
      <class name="com.api.custom.RunnerApis">
        <test-method signature="method()[pri:0, instance:com.api.custom.RunnerApis@35aea049]" started-at="2021-09-08T17:41:39 IST" name="method" finished-at="2021-09-08T17:41:42 IST" duration-ms="3705" status="PASS">
          <reporter-output>
          </reporter-output>
        </test-method> <!-- method -->
      </class> <!-- com.api.custom.RunnerApis -->
    </test> <!-- Default test -->
  </suite> <!-- Default suite -->
</testng-results>
